{
  "stats": {
    "suites": 1,
    "tests": 4,
    "passes": 3,
    "pending": 0,
    "failures": 1,
    "start": "2024-12-02T19:54:40.327Z",
    "end": "2024-12-02T19:54:51.983Z",
    "duration": 11656,
    "testsRegistered": 4,
    "passPercent": 75,
    "pendingPercent": 0,
    "other": 0,
    "hasOther": false,
    "skipped": 0,
    "hasSkipped": false
  },
  "results": [
    {
      "uuid": "1356fc22-1176-4cc8-9464-a9c14492598b",
      "title": "",
      "fullFile": "cypress\\e2e\\random_ten.cy.js",
      "file": "cypress\\e2e\\random_ten.cy.js",
      "beforeHooks": [],
      "afterHooks": [],
      "tests": [],
      "suites": [
        {
          "uuid": "20fbf772-75b9-486b-9f44-7345a4c37f89",
          "title": "Endpoint /random_ten",
          "fullFile": "",
          "file": "",
          "beforeHooks": [],
          "afterHooks": [],
          "tests": [
            {
              "title": "Deve retornar exatamente 10 piadas",
              "fullTitle": "Endpoint /random_ten Deve retornar exatamente 10 piadas",
              "timedOut": null,
              "duration": 1501,
              "state": "passed",
              "speed": "fast",
              "pass": true,
              "fail": false,
              "pending": false,
              "context": null,
              "code": "cy.api('/random_ten').then(({\n  status,\n  body\n}) => {\n  expect(status).to.eq(200);\n  expect(body).to.be.an('array').with.length(10);\n  body.forEach(joke => {\n    expect(joke).to.have.all.keys('type', 'setup', 'punchline', 'id');\n    expect(joke.type).to.be.a('string');\n    expect(joke.setup).to.be.a('string');\n    expect(joke.punchline).to.be.a('string');\n    expect(joke.id).to.be.a('number');\n  });\n});",
              "err": {},
              "uuid": "3bf6a309-7468-4747-adf1-62cb7c2d3619",
              "parentUUID": "20fbf772-75b9-486b-9f44-7345a4c37f89",
              "isHook": false,
              "skipped": false
            },
            {
              "title": "Simula 10 requisições simultâneas",
              "fullTitle": "Endpoint /random_ten Simula 10 requisições simultâneas",
              "timedOut": null,
              "duration": 7704,
              "state": "failed",
              "speed": null,
              "pass": false,
              "fail": true,
              "pending": false,
              "context": null,
              "code": "const requests = Cypress._.times(10, () => cy.api('/random_ten'));\ncy.wrap(Promise.all(requests)).then(responses => {\n  responses.forEach(({\n    status\n  }) => expect(status).to.eq(200));\n});",
              "err": {
                "message": "TypeError: Cannot destructure property 'status' of 'undefined' as it is undefined.",
                "estack": "TypeError: Cannot destructure property 'status' of 'undefined' as it is undefined.\n    at eval (webpack://qa-challenge/./cypress/e2e/random_ten.cy.js:20:27)\n    at Array.forEach (<anonymous>)\n    at Context.eval (webpack://qa-challenge/./cypress/e2e/random_ten.cy.js:20:16)",
                "diff": null
              },
              "uuid": "5a0936cf-9f94-4005-b293-630dac02a7dc",
              "parentUUID": "20fbf772-75b9-486b-9f44-7345a4c37f89",
              "isHook": false,
              "skipped": false
            },
            {
              "title": "Valida os tipos de dados em todas as piadas da lista",
              "fullTitle": "Endpoint /random_ten Valida os tipos de dados em todas as piadas da lista",
              "timedOut": null,
              "duration": 1257,
              "state": "passed",
              "speed": "fast",
              "pass": true,
              "fail": false,
              "pending": false,
              "context": null,
              "code": "cy.api('/random_ten').then(({\n  body\n}) => {\n  body.forEach(joke => {\n    expect(joke.id).to.be.a('number');\n    expect(joke.type).to.match(/^(general|programming|knock-knock)$/);\n    expect(joke.setup).to.be.a('string').and.not.be.empty;\n    expect(joke.punchline).to.be.a('string').and.not.be.empty;\n  });\n});",
              "err": {},
              "uuid": "a3fd64ea-2316-4c6f-bf1f-873e59c594fb",
              "parentUUID": "20fbf772-75b9-486b-9f44-7345a4c37f89",
              "isHook": false,
              "skipped": false
            },
            {
              "title": "Garante que nenhuma piada tem campos vazios",
              "fullTitle": "Endpoint /random_ten Garante que nenhuma piada tem campos vazios",
              "timedOut": null,
              "duration": 409,
              "state": "passed",
              "speed": "fast",
              "pass": true,
              "fail": false,
              "pending": false,
              "context": null,
              "code": "cy.api('/random_ten').then(({\n  body\n}) => {\n  body.forEach(joke => {\n    expect(joke.setup.trim()).to.not.be.empty;\n    expect(joke.punchline.trim()).to.not.be.empty;\n  });\n});",
              "err": {},
              "uuid": "e7569eeb-5ab6-4cb0-bf12-5727c3ecf964",
              "parentUUID": "20fbf772-75b9-486b-9f44-7345a4c37f89",
              "isHook": false,
              "skipped": false
            }
          ],
          "suites": [],
          "passes": [
            "3bf6a309-7468-4747-adf1-62cb7c2d3619",
            "a3fd64ea-2316-4c6f-bf1f-873e59c594fb",
            "e7569eeb-5ab6-4cb0-bf12-5727c3ecf964"
          ],
          "failures": [
            "5a0936cf-9f94-4005-b293-630dac02a7dc"
          ],
          "pending": [],
          "skipped": [],
          "duration": 10871,
          "root": false,
          "rootEmpty": false,
          "_timeout": 2000
        }
      ],
      "passes": [],
      "failures": [],
      "pending": [],
      "skipped": [],
      "duration": 0,
      "root": true,
      "rootEmpty": true,
      "_timeout": 2000
    }
  ],
  "meta": {
    "mocha": {
      "version": "7.0.1"
    },
    "mochawesome": {
      "options": {
        "quiet": false,
        "reportFilename": "mochawesome",
        "saveHtml": false,
        "saveJson": true,
        "consoleReporter": "spec",
        "useInlineDiffs": false,
        "code": true
      },
      "version": "7.1.3"
    },
    "marge": {
      "options": {
        "reportDir": "cypress\\reports\\.jsons",
        "charts": true,
        "reportPageTitle": "Relatório de Testes",
        "embeddedScreenshots": true,
        "inlineAssets": true,
        "overwrite": false,
        "html": false,
        "json": true
      },
      "version": "6.2.0"
    }
  }
}