{
  "stats": {
    "suites": 1,
    "tests": 2,
    "passes": 2,
    "pending": 0,
    "failures": 0,
    "start": "2024-12-02T19:53:39.603Z",
    "end": "2024-12-02T19:53:44.330Z",
    "duration": 4727,
    "testsRegistered": 2,
    "passPercent": 100,
    "pendingPercent": 0,
    "other": 0,
    "hasOther": false,
    "skipped": 0,
    "hasSkipped": false
  },
  "results": [
    {
      "uuid": "ed835020-1424-41a8-ae2d-2a049c87feca",
      "title": "",
      "fullFile": "cypress\\e2e\\jokes_random.cy.js",
      "file": "cypress\\e2e\\jokes_random.cy.js",
      "beforeHooks": [],
      "afterHooks": [],
      "tests": [],
      "suites": [
        {
          "uuid": "03957c2b-1f35-43cf-b274-048c36e045d0",
          "title": "Endpoint /jokes/random",
          "fullFile": "",
          "file": "",
          "beforeHooks": [],
          "afterHooks": [],
          "tests": [
            {
              "title": "Deve retornar uma piada válida",
              "fullTitle": "Endpoint /jokes/random Deve retornar uma piada válida",
              "timedOut": null,
              "duration": 3134,
              "state": "passed",
              "speed": "fast",
              "pass": true,
              "fail": false,
              "pending": false,
              "context": null,
              "code": "cy.api('/jokes/random').then(({\n  status,\n  body\n}) => {\n  expect(status).to.eq(200);\n  expect(body).to.have.all.keys('type', 'setup', 'punchline', 'id');\n  expect(body.type).to.be.a('string');\n  expect(body.setup).to.be.a('string');\n  expect(body.punchline).to.be.a('string');\n  expect(body.id).to.be.a('number');\n});",
              "err": {},
              "uuid": "ac16ffda-91a3-46a6-ae82-9e883302c7bd",
              "parentUUID": "03957c2b-1f35-43cf-b274-048c36e045d0",
              "isHook": false,
              "skipped": false
            },
            {
              "title": "Valida os tipos de dados em todas as piadas da lista",
              "fullTitle": "Endpoint /jokes/random Valida os tipos de dados em todas as piadas da lista",
              "timedOut": null,
              "duration": 1187,
              "state": "passed",
              "speed": "fast",
              "pass": true,
              "fail": false,
              "pending": false,
              "context": null,
              "code": "cy.api('/jokes/random').then(({\n  body\n}) => {\n  expect(body.id).to.be.a('number');\n  expect(body.type).to.be.a('string').and.not.be.empty;\n  expect(body.setup).to.be.a('string').and.not.be.empty;\n  expect(body.punchline).to.be.a('string').and.not.be.empty;\n});",
              "err": {},
              "uuid": "bca02503-f4ef-41d1-9bfc-776f48fd7f58",
              "parentUUID": "03957c2b-1f35-43cf-b274-048c36e045d0",
              "isHook": false,
              "skipped": false
            }
          ],
          "suites": [],
          "passes": [
            "ac16ffda-91a3-46a6-ae82-9e883302c7bd",
            "bca02503-f4ef-41d1-9bfc-776f48fd7f58"
          ],
          "failures": [],
          "pending": [],
          "skipped": [],
          "duration": 4321,
          "root": false,
          "rootEmpty": false,
          "_timeout": 2000
        }
      ],
      "passes": [],
      "failures": [],
      "pending": [],
      "skipped": [],
      "duration": 0,
      "root": true,
      "rootEmpty": true,
      "_timeout": 2000
    }
  ],
  "meta": {
    "mocha": {
      "version": "7.0.1"
    },
    "mochawesome": {
      "options": {
        "quiet": false,
        "reportFilename": "mochawesome",
        "saveHtml": false,
        "saveJson": true,
        "consoleReporter": "spec",
        "useInlineDiffs": false,
        "code": true
      },
      "version": "7.1.3"
    },
    "marge": {
      "options": {
        "reportDir": "cypress\\reports\\.jsons",
        "charts": true,
        "reportPageTitle": "Relatório de Testes",
        "embeddedScreenshots": true,
        "inlineAssets": true,
        "overwrite": false,
        "html": false,
        "json": true
      },
      "version": "6.2.0"
    }
  }
}