{
  "stats": {
    "suites": 1,
    "tests": 4,
    "passes": 4,
    "pending": 0,
    "failures": 0,
    "start": "2024-12-03T12:29:37.810Z",
    "end": "2024-12-03T12:29:50.986Z",
    "duration": 13176,
    "testsRegistered": 4,
    "passPercent": 100,
    "pendingPercent": 0,
    "other": 0,
    "hasOther": false,
    "skipped": 0,
    "hasSkipped": false
  },
  "results": [
    {
      "uuid": "af832179-d5ee-4612-8faf-cacb90889b03",
      "title": "",
      "fullFile": "cypress\\e2e\\random_ten.cy.js",
      "file": "cypress\\e2e\\random_ten.cy.js",
      "beforeHooks": [],
      "afterHooks": [],
      "tests": [],
      "suites": [
        {
          "uuid": "0d5b6b75-4fa9-4152-b9f4-a281b5ef4da6",
          "title": "Endpoint /random_ten",
          "fullFile": "",
          "file": "",
          "beforeHooks": [],
          "afterHooks": [],
          "tests": [
            {
              "title": "Deve retornar exatamente 10 piadas",
              "fullTitle": "Endpoint /random_ten Deve retornar exatamente 10 piadas",
              "timedOut": null,
              "duration": 1777,
              "state": "passed",
              "speed": "fast",
              "pass": true,
              "fail": false,
              "pending": false,
              "context": null,
              "code": "cy.api('/random_ten').then(({\n  status,\n  body\n}) => {\n  expect(status).to.eq(200);\n  expect(body).to.be.an('array').with.length(10);\n  body.forEach(joke => {\n    expect(joke).to.have.all.keys('type', 'setup', 'punchline', 'id');\n    expect(joke.type).to.be.a('string');\n    expect(joke.setup).to.be.a('string');\n    expect(joke.punchline).to.be.a('string');\n    expect(joke.id).to.be.a('number');\n  });\n});",
              "err": {},
              "uuid": "e26b7832-52df-4f5f-81f5-1ca3b5801227",
              "parentUUID": "0d5b6b75-4fa9-4152-b9f4-a281b5ef4da6",
              "isHook": false,
              "skipped": false
            },
            {
              "title": "Simula 10 requisições simultâneas",
              "fullTitle": "Endpoint /random_ten Simula 10 requisições simultâneas",
              "timedOut": null,
              "duration": 9224,
              "state": "passed",
              "speed": "medium",
              "pass": true,
              "fail": false,
              "pending": false,
              "context": null,
              "code": "const requests = Cypress._.times(10, () => cy.api('/random_ten'));\ncy.wrap(Promise.all(requests)).then(responses => {\n  // Verifica se todas as respostas não são nulas\n  responses.forEach((response, index) => {\n    expect(response, `Requisição ${index + 1} falhou`).to.not.be.null;\n    if (response) {\n      const {\n        status\n      } = response;\n      expect(status).to.eq(200);\n    }\n  });\n});",
              "err": {},
              "uuid": "858799bb-a389-48fc-8b83-e2992e348cf7",
              "parentUUID": "0d5b6b75-4fa9-4152-b9f4-a281b5ef4da6",
              "isHook": false,
              "skipped": false
            },
            {
              "title": "Valida os tipos de dados em todas as piadas da lista",
              "fullTitle": "Endpoint /random_ten Valida os tipos de dados em todas as piadas da lista",
              "timedOut": null,
              "duration": 1244,
              "state": "passed",
              "speed": "fast",
              "pass": true,
              "fail": false,
              "pending": false,
              "context": null,
              "code": "cy.api('/random_ten').then(({\n  body\n}) => {\n  body.forEach(joke => {\n    expect(joke.id).to.be.a('number');\n    expect(joke.type).to.match(/^(general|programming|knock-knock)$/);\n    expect(joke.setup).to.be.a('string').and.not.be.empty;\n    expect(joke.punchline).to.be.a('string').and.not.be.empty;\n  });\n});",
              "err": {},
              "uuid": "efe8f7ab-a9a6-4ef7-bbc1-48f9c1291824",
              "parentUUID": "0d5b6b75-4fa9-4152-b9f4-a281b5ef4da6",
              "isHook": false,
              "skipped": false
            },
            {
              "title": "Garante que nenhuma piada tem campos vazios",
              "fullTitle": "Endpoint /random_ten Garante que nenhuma piada tem campos vazios",
              "timedOut": null,
              "duration": 376,
              "state": "passed",
              "speed": "fast",
              "pass": true,
              "fail": false,
              "pending": false,
              "context": null,
              "code": "cy.api('/random_ten').then(({\n  body\n}) => {\n  body.forEach(joke => {\n    expect(joke.setup.trim()).to.not.be.empty;\n    expect(joke.punchline.trim()).to.not.be.empty;\n  });\n});",
              "err": {},
              "uuid": "7e77e28f-492d-4ee8-9fa6-6cc53d2e6f56",
              "parentUUID": "0d5b6b75-4fa9-4152-b9f4-a281b5ef4da6",
              "isHook": false,
              "skipped": false
            }
          ],
          "suites": [],
          "passes": [
            "e26b7832-52df-4f5f-81f5-1ca3b5801227",
            "858799bb-a389-48fc-8b83-e2992e348cf7",
            "efe8f7ab-a9a6-4ef7-bbc1-48f9c1291824",
            "7e77e28f-492d-4ee8-9fa6-6cc53d2e6f56"
          ],
          "failures": [],
          "pending": [],
          "skipped": [],
          "duration": 12621,
          "root": false,
          "rootEmpty": false,
          "_timeout": 2000
        }
      ],
      "passes": [],
      "failures": [],
      "pending": [],
      "skipped": [],
      "duration": 0,
      "root": true,
      "rootEmpty": true,
      "_timeout": 2000
    }
  ],
  "meta": {
    "mocha": {
      "version": "7.0.1"
    },
    "mochawesome": {
      "options": {
        "quiet": false,
        "reportFilename": "mochawesome",
        "saveHtml": false,
        "saveJson": true,
        "consoleReporter": "spec",
        "useInlineDiffs": false,
        "code": true
      },
      "version": "7.1.3"
    },
    "marge": {
      "options": {
        "reportDir": "cypress\\reports\\.jsons",
        "charts": true,
        "reportPageTitle": "Relatório de Testes",
        "embeddedScreenshots": true,
        "inlineAssets": true,
        "overwrite": false,
        "html": false,
        "json": true
      },
      "version": "6.2.0"
    }
  }
}