{
  "stats": {
    "suites": 1,
    "tests": 1,
    "passes": 1,
    "pending": 0,
    "failures": 0,
    "start": "2024-11-30T20:05:01.172Z",
    "end": "2024-11-30T20:05:03.475Z",
    "duration": 2303,
    "testsRegistered": 1,
    "passPercent": 100,
    "pendingPercent": 0,
    "other": 0,
    "hasOther": false,
    "skipped": 0,
    "hasSkipped": false
  },
  "results": [
    {
      "uuid": "745be028-d320-4085-9557-e1fc88c0cb7c",
      "title": "",
      "fullFile": "cypress\\e2e\\jokes_ten.cy.js",
      "file": "cypress\\e2e\\jokes_ten.cy.js",
      "beforeHooks": [],
      "afterHooks": [],
      "tests": [],
      "suites": [
        {
          "uuid": "ee5a5ec5-4a13-41f6-92c5-ab1be04b68ae",
          "title": "Endpoint /jokes/ten",
          "fullFile": "",
          "file": "",
          "beforeHooks": [],
          "afterHooks": [],
          "tests": [
            {
              "title": "Deve retornar exatamente 10 piadas",
              "fullTitle": "Endpoint /jokes/ten Deve retornar exatamente 10 piadas",
              "timedOut": null,
              "duration": 1885,
              "state": "passed",
              "speed": "fast",
              "pass": true,
              "fail": false,
              "pending": false,
              "context": null,
              "code": "cy.api('/jokes/ten').then(({\n  status,\n  body\n}) => {\n  expect(status).to.eq(200);\n  expect(body).to.be.an('array').with.length(10);\n  body.forEach(joke => {\n    expect(joke).to.have.all.keys('type', 'setup', 'punchline', 'id');\n    expect(joke.type).to.be.a('string');\n    expect(joke.setup).to.be.a('string');\n    expect(joke.punchline).to.be.a('string');\n    expect(joke.id).to.be.a('number');\n  });\n});",
              "err": {},
              "uuid": "835ef260-7d90-4aea-9ff7-94b241a4e5e3",
              "parentUUID": "ee5a5ec5-4a13-41f6-92c5-ab1be04b68ae",
              "isHook": false,
              "skipped": false
            }
          ],
          "suites": [],
          "passes": [
            "835ef260-7d90-4aea-9ff7-94b241a4e5e3"
          ],
          "failures": [],
          "pending": [],
          "skipped": [],
          "duration": 1885,
          "root": false,
          "rootEmpty": false,
          "_timeout": 2000
        }
      ],
      "passes": [],
      "failures": [],
      "pending": [],
      "skipped": [],
      "duration": 0,
      "root": true,
      "rootEmpty": true,
      "_timeout": 2000
    }
  ],
  "meta": {
    "mocha": {
      "version": "7.0.1"
    },
    "mochawesome": {
      "options": {
        "quiet": false,
        "reportFilename": "mochawesome",
        "saveHtml": false,
        "saveJson": true,
        "consoleReporter": "spec",
        "useInlineDiffs": false,
        "code": true
      },
      "version": "7.1.3"
    },
    "marge": {
      "options": {
        "reportDir": "cypress\\reports\\.jsons",
        "charts": true,
        "reportPageTitle": "Relatório de Testes",
        "embeddedScreenshots": true,
        "inlineAssets": true,
        "overwrite": false,
        "html": false,
        "json": true
      },
      "version": "6.2.0"
    }
  }
}