{
  "stats": {
    "suites": 1,
    "tests": 1,
    "passes": 1,
    "pending": 0,
    "failures": 0,
    "start": "2024-11-30T20:05:09.944Z",
    "end": "2024-11-30T20:05:11.494Z",
    "duration": 1550,
    "testsRegistered": 1,
    "passPercent": 100,
    "pendingPercent": 0,
    "other": 0,
    "hasOther": false,
    "skipped": 0,
    "hasSkipped": false
  },
  "results": [
    {
      "uuid": "7fc9b890-7594-4b9c-80c0-647be29361b8",
      "title": "",
      "fullFile": "cypress\\e2e\\random_joke.cy.js",
      "file": "cypress\\e2e\\random_joke.cy.js",
      "beforeHooks": [],
      "afterHooks": [],
      "tests": [],
      "suites": [
        {
          "uuid": "930f9a28-b065-4cec-95c3-3437d10acafa",
          "title": "Endpoint /random_joke",
          "fullFile": "",
          "file": "",
          "beforeHooks": [],
          "afterHooks": [],
          "tests": [
            {
              "title": "Deve retornar uma piada válida",
              "fullTitle": "Endpoint /random_joke Deve retornar uma piada válida",
              "timedOut": null,
              "duration": 1420,
              "state": "passed",
              "speed": "fast",
              "pass": true,
              "fail": false,
              "pending": false,
              "context": null,
              "code": "cy.api('/random_joke').then(({\n  status,\n  body\n}) => {\n  expect(status).to.eq(200);\n  expect(body).to.have.all.keys('type', 'setup', 'punchline', 'id');\n  expect(body.type).to.be.a('string');\n  expect(body.setup).to.be.a('string');\n  expect(body.punchline).to.be.a('string');\n  expect(body.id).to.be.a('number');\n});",
              "err": {},
              "uuid": "97fce554-7fd3-4e73-9464-3eb6598482b4",
              "parentUUID": "930f9a28-b065-4cec-95c3-3437d10acafa",
              "isHook": false,
              "skipped": false
            }
          ],
          "suites": [],
          "passes": [
            "97fce554-7fd3-4e73-9464-3eb6598482b4"
          ],
          "failures": [],
          "pending": [],
          "skipped": [],
          "duration": 1420,
          "root": false,
          "rootEmpty": false,
          "_timeout": 2000
        }
      ],
      "passes": [],
      "failures": [],
      "pending": [],
      "skipped": [],
      "duration": 0,
      "root": true,
      "rootEmpty": true,
      "_timeout": 2000
    }
  ],
  "meta": {
    "mocha": {
      "version": "7.0.1"
    },
    "mochawesome": {
      "options": {
        "quiet": false,
        "reportFilename": "mochawesome",
        "saveHtml": false,
        "saveJson": true,
        "consoleReporter": "spec",
        "useInlineDiffs": false,
        "code": true
      },
      "version": "7.1.3"
    },
    "marge": {
      "options": {
        "reportDir": "cypress\\reports\\.jsons",
        "charts": true,
        "reportPageTitle": "Relatório de Testes",
        "embeddedScreenshots": true,
        "inlineAssets": true,
        "overwrite": false,
        "html": false,
        "json": true
      },
      "version": "6.2.0"
    }
  }
}