{
  "stats": {
    "suites": 1,
    "tests": 1,
    "passes": 1,
    "pending": 0,
    "failures": 0,
    "start": "2024-11-30T20:05:17.126Z",
    "end": "2024-11-30T20:05:19.124Z",
    "duration": 1998,
    "testsRegistered": 1,
    "passPercent": 100,
    "pendingPercent": 0,
    "other": 0,
    "hasOther": false,
    "skipped": 0,
    "hasSkipped": false
  },
  "results": [
    {
      "uuid": "6fb00d41-d274-47ca-937b-d1d73dac2170",
      "title": "",
      "fullFile": "cypress\\e2e\\random_ten.cy.js",
      "file": "cypress\\e2e\\random_ten.cy.js",
      "beforeHooks": [],
      "afterHooks": [],
      "tests": [],
      "suites": [
        {
          "uuid": "3d6298a8-a5a1-472f-8e36-f41f0b3b2fa9",
          "title": "Endpoint /random_ten",
          "fullFile": "",
          "file": "",
          "beforeHooks": [],
          "afterHooks": [],
          "tests": [
            {
              "title": "Deve retornar exatamente 10 piadas",
              "fullTitle": "Endpoint /random_ten Deve retornar exatamente 10 piadas",
              "timedOut": null,
              "duration": 1628,
              "state": "passed",
              "speed": "fast",
              "pass": true,
              "fail": false,
              "pending": false,
              "context": null,
              "code": "cy.api('/random_ten').then(({\n  status,\n  body\n}) => {\n  expect(status).to.eq(200);\n  expect(body).to.be.an('array').with.length(10);\n  body.forEach(joke => {\n    expect(joke).to.have.all.keys('type', 'setup', 'punchline', 'id');\n    expect(joke.type).to.be.a('string');\n    expect(joke.setup).to.be.a('string');\n    expect(joke.punchline).to.be.a('string');\n    expect(joke.id).to.be.a('number');\n  });\n});",
              "err": {},
              "uuid": "b85c5c4a-8e6e-475e-b422-b38f53efd526",
              "parentUUID": "3d6298a8-a5a1-472f-8e36-f41f0b3b2fa9",
              "isHook": false,
              "skipped": false
            }
          ],
          "suites": [],
          "passes": [
            "b85c5c4a-8e6e-475e-b422-b38f53efd526"
          ],
          "failures": [],
          "pending": [],
          "skipped": [],
          "duration": 1628,
          "root": false,
          "rootEmpty": false,
          "_timeout": 2000
        }
      ],
      "passes": [],
      "failures": [],
      "pending": [],
      "skipped": [],
      "duration": 0,
      "root": true,
      "rootEmpty": true,
      "_timeout": 2000
    }
  ],
  "meta": {
    "mocha": {
      "version": "7.0.1"
    },
    "mochawesome": {
      "options": {
        "quiet": false,
        "reportFilename": "mochawesome",
        "saveHtml": false,
        "saveJson": true,
        "consoleReporter": "spec",
        "useInlineDiffs": false,
        "code": true
      },
      "version": "7.1.3"
    },
    "marge": {
      "options": {
        "reportDir": "cypress\\reports\\.jsons",
        "charts": true,
        "reportPageTitle": "Relatório de Testes",
        "embeddedScreenshots": true,
        "inlineAssets": true,
        "overwrite": false,
        "html": false,
        "json": true
      },
      "version": "6.2.0"
    }
  }
}